2026-06-11 09:20:20.349 [main] INFO  c.p.portfolio.PortfolioApplication - Starting PortfolioApplication v1.0.0 using Java 26.0.1 with PID 11576 (C:\Users\krish\OneDrive\Documents\GitHub\portfolio\backend\java\target\classes started by krish in C:\Users\krish\OneDrive\Documents\GitHub\portfolio\backend\java)
2026-06-11 09:20:20.350 [main] DEBUG c.p.portfolio.PortfolioApplication - Running with Spring Boot v4.1.0, Spring v7.0.8
2026-06-11 09:20:20.351 [main] INFO  c.p.portfolio.PortfolioApplication - The following 1 profile is active: "dev"
2026-06-11 09:20:21.016 [main] INFO  o.s.d.r.c.RepositoryConfigurationDelegate - Bootstrapping Spring Data JPA repositories in DEFAULT mode.
2026-06-11 09:20:21.055 [main] INFO  o.s.d.r.c.RepositoryConfigurationDelegate - Finished Spring Data repository scanning in 32 ms. Found 3 JPA repository interfaces.
2026-06-11 09:20:21.482 [main] INFO  o.s.boot.tomcat.TomcatWebServer - Tomcat initialized with port 8080 (http)
2026-06-11 09:20:21.490 [main] INFO  o.a.catalina.core.StandardService - Starting service [Tomcat]
2026-06-11 09:20:21.490 [main] INFO  o.a.catalina.core.StandardEngine - Starting Servlet engine: [Apache Tomcat/11.0.22]
2026-06-11 09:20:21.538 [main] INFO  o.s.b.w.c.s.WebApplicationContextInitializer - Root WebApplicationContext: initialization completed in 1156 ms
2026-06-11 09:20:21.765 [main] INFO  com.zaxxer.hikari.HikariDataSource - HikariPool-1 - Starting...
2026-06-11 09:20:21.964 [main] INFO  com.zaxxer.hikari.pool.HikariPool - HikariPool-1 - Added connection com.mysql.cj.jdbc.ConnectionImpl@722b3ba2
2026-06-11 09:20:21.965 [main] INFO  com.zaxxer.hikari.HikariDataSource - HikariPool-1 - Start completed.
2026-06-11 09:20:21.985 [main] INFO  org.flywaydb.core.FlywayExecutor - Database: jdbc:mysql://localhost:3306/database?createDatabaseIfNotExist=true (MySQL 9.7)
2026-06-11 09:20:22.013 [main] WARN  o.f.c.i.database.base.Database - Using MySQL 9.7 which is newer than the version Flyway has been verified with. The latest verified version of MySQL is 9.4.
2026-06-11 09:20:22.046 [main] INFO  o.f.core.internal.command.DbValidate - Successfully validated 2 migrations (execution time 00:00.024s)
2026-06-11 09:20:22.055 [main] INFO  o.f.core.internal.command.DbMigrate - Current version of schema `database`: 1
2026-06-11 09:20:22.058 [main] INFO  o.f.core.internal.command.DbMigrate - Schema `database` is up to date. No migration necessary.
2026-06-11 09:20:22.134 [main] INFO  org.hibernate.orm.jpa - HHH008540: Processing PersistenceUnitInfo [name: default]
2026-06-11 09:20:22.164 [main] INFO  org.hibernate.orm.core - HHH000001: Hibernate ORM core version 7.4.1.Final
2026-06-11 09:20:22.424 [main] INFO  o.s.o.j.p.SpringPersistenceUnitInfo - No LoadTimeWeaver setup: ignoring JPA class transformer
2026-06-11 09:20:22.476 [main] INFO  o.hibernate.orm.connections.pooling - HHH10001005: Database info:
	Database JDBC URL [jdbc:mysql://localhost:3306/database?createDatabaseIfNotExist=true]
	Database driver: MySQL Connector/J
	Database dialect: MySQLDialect
	Database version: 9.7
	Default catalog/schema: database/undefined
	Autocommit mode: undefined/unknown
	Isolation level: REPEATABLE_READ [default REPEATABLE_READ]
	JDBC fetch size: none
	Pool: DataSourceConnectionProvider
	Minimum pool size: undefined/unknown
	Maximum pool size: undefined/unknown
2026-06-11 09:20:23.008 [main] INFO  org.hibernate.orm.core - HHH000489: No JTA platform available (set 'hibernate.transaction.jta.platform' to enable JTA platform integration)
2026-06-11 09:20:23.047 [main] INFO  o.s.o.j.LocalContainerEntityManagerFactoryBean - Initialized JPA EntityManagerFactory for persistence unit 'default'
2026-06-11 09:20:23.083 [main] INFO  o.s.d.j.r.q.QueryEnhancerFactories - Hibernate is in classpath; If applicable, HQL parser will be used.
2026-06-11 09:20:23.557 [main] INFO  c.p.portfolio.service.JwtService - New JWT signing key created (ID: a964693d-772d-4ced-a2d8-50482daba5dd).
2026-06-11 09:20:23.783 [main] INFO  c.p.p.c.c.ApplicationConfiguration - Initializing BCrypt encoder with strength: 12
2026-06-11 09:20:23.808 [main] DEBUG c.p.p.c.s.JwtAuthenticationFilter - Filter 'jwtAuthenticationFilter' configured for use
2026-06-11 09:20:23.834 [main] INFO  o.s.s.c.a.a.c.InitializeUserDetailsBeanManagerConfigurer$InitializeUserDetailsManagerConfigurer - Global AuthenticationManager configured with UserDetailsService bean with name userService
2026-06-11 09:20:24.355 [main] INFO  o.s.b.a.e.web.EndpointLinksResolver - Exposing 13 endpoints beneath base path '/actuator'
2026-06-11 09:20:24.391 [main] INFO  o.s.boot.tomcat.TomcatWebServer - Tomcat started on port 8080 (http) with context path '/'
2026-06-11 09:20:24.400 [main] INFO  c.p.portfolio.PortfolioApplication - Started PortfolioApplication in 4.439 seconds (process running for 5.046)
2026-06-11 09:20:24.478 [main] INFO  c.p.portfolio.PortfolioApplication - Admin [admin.email@gmail.com] present. Skipping provisioning.
2026-06-11 09:20:37.104 [SpringApplicationShutdownHook] INFO  o.s.boot.tomcat.GracefulShutdown - Commencing graceful shutdown. Waiting for active requests to complete
2026-06-11 09:20:37.108 [tomcat-shutdown] INFO  o.s.boot.tomcat.GracefulShutdown - Graceful shutdown complete
2026-06-11 09:20:37.112 [SpringApplicationShutdownHook] INFO  o.s.o.j.LocalContainerEntityManagerFactoryBean - Closing JPA EntityManagerFactory for persistence unit 'default'
2026-06-11 09:20:37.113 [SpringApplicationShutdownHook] INFO  com.zaxxer.hikari.HikariDataSource - HikariPool-1 - Shutdown initiated...
2026-06-11 09:20:37.117 [SpringApplicationShutdownHook] INFO  com.zaxxer.hikari.HikariDataSource - HikariPool-1 - Shutdown completed.
